This is pdfTeX, Version 3.1415926-2.5-1.40.14 (MiKTeX 2.9 64-bit) (preloaded format=pdflatex 2014.5.26)  14 MAY 2015 02:49
entering extended mode
**Lab6.tex
("C:\Users\Akshat Mahajan\LaTeX Projects\180Q Reports\Week 6\Paper\Lab6.tex"
LaTeX2e <2011/06/27>
Babel <v3.8m> and hyphenation patterns for english, afrikaans, ancientgreek, ar
abic, armenian, assamese, basque, bengali, bokmal, bulgarian, catalan, coptic, 
croatian, czech, danish, dutch, esperanto, estonian, farsi, finnish, french, ga
lician, german, german-x-2013-05-26, greek, gujarati, hindi, hungarian, iceland
ic, indonesian, interlingua, irish, italian, kannada, kurmanji, latin, latvian,
 lithuanian, malayalam, marathi, mongolian, mongolianlmc, monogreek, ngerman, n
german-x-2013-05-26, nynorsk, oriya, panjabi, pinyin, polish, portuguese, roman
ian, russian, sanskrit, serbian, slovak, slovenian, spanish, swedish, swissgerm
an, tamil, telugu, turkish, turkmen, ukenglish, ukrainian, uppersorbian, usengl
ishmax, welsh, loaded.
("C:\Program Files\MiKTeX 2.9\tex\latex\base\article.cls"
Document Class: article 2007/10/19 v1.4h Standard LaTeX document class
("C:\Program Files\MiKTeX 2.9\tex\latex\base\size10.clo"
File: size10.clo 2007/10/19 v1.4h Standard LaTeX file (size option)
)
\c@part=\count79
\c@section=\count80
\c@subsection=\count81
\c@subsubsection=\count82
\c@paragraph=\count83
\c@subparagraph=\count84
\c@figure=\count85
\c@table=\count86
\abovecaptionskip=\skip41
\belowcaptionskip=\skip42
\bibindent=\dimen102
)
("C:\Program Files\MiKTeX 2.9\tex\latex\base\inputenc.sty"
Package: inputenc 2008/03/30 v1.1d Input encoding file
\inpenc@prehook=\toks14
\inpenc@posthook=\toks15

("C:\Program Files\MiKTeX 2.9\tex\latex\base\latin1.def"
File: latin1.def 2008/03/30 v1.1d Input encoding file
))
("C:\Program Files\MiKTeX 2.9\tex\latex\amsmath\amsmath.sty"
Package: amsmath 2013/01/14 v2.14 AMS math features
\@mathmargin=\skip43

For additional information on amsmath, use the `?' option.
("C:\Program Files\MiKTeX 2.9\tex\latex\amsmath\amstext.sty"
Package: amstext 2000/06/29 v2.01

("C:\Program Files\MiKTeX 2.9\tex\latex\amsmath\amsgen.sty"
File: amsgen.sty 1999/11/30 v2.0
\@emptytoks=\toks16
\ex@=\dimen103
))
("C:\Program Files\MiKTeX 2.9\tex\latex\amsmath\amsbsy.sty"
Package: amsbsy 1999/11/29 v1.2d
\pmbraise@=\dimen104
)
("C:\Program Files\MiKTeX 2.9\tex\latex\amsmath\amsopn.sty"
Package: amsopn 1999/12/14 v2.01 operator names
)
\inf@bad=\count87
LaTeX Info: Redefining \frac on input line 210.
\uproot@=\count88
\leftroot@=\count89
LaTeX Info: Redefining \overline on input line 306.
\classnum@=\count90
\DOTSCASE@=\count91
LaTeX Info: Redefining \ldots on input line 378.
LaTeX Info: Redefining \dots on input line 381.
LaTeX Info: Redefining \cdots on input line 466.
\Mathstrutbox@=\box26
\strutbox@=\box27
\big@size=\dimen105
LaTeX Font Info:    Redeclaring font encoding OML on input line 566.
LaTeX Font Info:    Redeclaring font encoding OMS on input line 567.
\macc@depth=\count92
\c@MaxMatrixCols=\count93
\dotsspace@=\muskip10
\c@parentequation=\count94
\dspbrk@lvl=\count95
\tag@help=\toks17
\row@=\count96
\column@=\count97
\maxfields@=\count98
\andhelp@=\toks18
\eqnshift@=\dimen106
\alignsep@=\dimen107
\tagshift@=\dimen108
\tagwidth@=\dimen109
\totwidth@=\dimen110
\lineht@=\dimen111
\@envbody=\toks19
\multlinegap=\skip44
\multlinetaggap=\skip45
\mathdisplay@stack=\toks20
LaTeX Info: Redefining \[ on input line 2665.
LaTeX Info: Redefining \] on input line 2666.
)
("C:\Program Files\MiKTeX 2.9\tex\latex\amsfonts\amsfonts.sty"
Package: amsfonts 2013/01/14 v3.01 Basic AMSFonts support
\symAMSa=\mathgroup4
\symAMSb=\mathgroup5
LaTeX Font Info:    Overwriting math alphabet `\mathfrak' in version `bold'
(Font)                  U/euf/m/n --> U/euf/b/n on input line 106.
)
("C:\Program Files\MiKTeX 2.9\tex\latex\amsfonts\amssymb.sty"
Package: amssymb 2013/01/14 v3.01 AMS font symbols
)
("C:\Program Files\MiKTeX 2.9\tex\latex\graphics\graphicx.sty"
Package: graphicx 1999/02/16 v1.0f Enhanced LaTeX Graphics (DPC,SPQR)

("C:\Program Files\MiKTeX 2.9\tex\latex\graphics\keyval.sty"
Package: keyval 1999/03/16 v1.13 key=value parser (DPC)
\KV@toks@=\toks21
)
("C:\Program Files\MiKTeX 2.9\tex\latex\graphics\graphics.sty"
Package: graphics 2009/02/05 v1.0o Standard LaTeX Graphics (DPC,SPQR)

("C:\Program Files\MiKTeX 2.9\tex\latex\graphics\trig.sty"
Package: trig 1999/03/16 v1.09 sin cos tan (DPC)
)
("C:\Program Files\MiKTeX 2.9\tex\latex\00miktex\graphics.cfg"
File: graphics.cfg 2007/01/18 v1.5 graphics configuration of teTeX/TeXLive
)
Package graphics Info: Driver file: pdftex.def on input line 91.

("C:\Program Files\MiKTeX 2.9\tex\latex\pdftex-def\pdftex.def"
File: pdftex.def 2011/05/27 v0.06d Graphics/color for pdfTeX

("C:\Program Files\MiKTeX 2.9\tex\generic\oberdiek\infwarerr.sty"
Package: infwarerr 2010/04/08 v1.3 Providing info/warning/error messages (HO)
)
("C:\Program Files\MiKTeX 2.9\tex\generic\oberdiek\ltxcmds.sty"
Package: ltxcmds 2011/11/09 v1.22 LaTeX kernel commands for general use (HO)
)
\Gread@gobject=\count99
))
\Gin@req@height=\dimen112
\Gin@req@width=\dimen113
)
("C:\Program Files\MiKTeX 2.9\tex\latex\float\float.sty"
Package: float 2001/11/08 v1.3d Float enhancements (AL)
\c@float@type=\count100
\float@exts=\toks22
\float@box=\box28
\@float@everytoks=\toks23
\@floatcapt=\box29
)
("C:\Program Files\MiKTeX 2.9\tex\latex\soul\soul.sty"
Package: soul 2003/11/17 v2.4 letterspacing/underlining (mf)
\SOUL@word=\toks24
\SOUL@lasttoken=\toks25
\SOUL@cmds=\toks26
\SOUL@buffer=\toks27
\SOUL@token=\toks28
\SOUL@spaceskip=\skip46
\SOUL@ttwidth=\dimen114
\SOUL@uldp=\dimen115
\SOUL@ulht=\dimen116
)
("C:\Program Files\MiKTeX 2.9\tex\latex\caption\caption.sty"
Package: caption 2013/05/02 v3.3-89 Customizing captions (AR)

("C:\Program Files\MiKTeX 2.9\tex\latex\caption\caption3.sty"
Package: caption3 2013/05/02 v1.6-88 caption3 kernel (AR)
Package caption3 Info: TeX engine: e-TeX on input line 57.
\captionmargin=\dimen117
\captionmargin@=\dimen118
\captionwidth=\dimen119
\caption@tempdima=\dimen120
\caption@indent=\dimen121
\caption@parindent=\dimen122
\caption@hangindent=\dimen123
)
\c@ContinuedFloat=\count101
Package caption Info: float package is loaded.
)
("C:\Program Files\MiKTeX 2.9\tex\latex\caption\subcaption.sty"
Package: subcaption 2013/02/03 v1.1-62 Sub-captions (AR)
\c@subfigure=\count102
\c@subtable=\count103
)
("C:\Users\Akshat Mahajan\AppData\Roaming\MiKTeX\2.9\tex\latex\placeins\placein
s.sty"
Package: placeins 2005/04/18  v 2.2
) ("C:\Program Files\MiKTeX 2.9\tex\latex\geometry\geometry.sty"
Package: geometry 2010/09/12 v5.6 Page Geometry

("C:\Program Files\MiKTeX 2.9\tex\generic\oberdiek\ifpdf.sty"
Package: ifpdf 2011/01/30 v2.3 Provides the ifpdf switch (HO)
Package ifpdf Info: pdfTeX in PDF mode is detected.
)
("C:\Program Files\MiKTeX 2.9\tex\generic\oberdiek\ifvtex.sty"
Package: ifvtex 2010/03/01 v1.5 Detect VTeX and its facilities (HO)
Package ifvtex Info: VTeX not detected.
)
("C:\Program Files\MiKTeX 2.9\tex\generic\ifxetex\ifxetex.sty"
Package: ifxetex 2010/09/12 v0.6 Provides ifxetex conditional
)
\Gm@cnth=\count104
\Gm@cntv=\count105
\c@Gm@tempcnt=\count106
\Gm@bindingoffset=\dimen124
\Gm@wd@mp=\dimen125
\Gm@odd@mp=\dimen126
\Gm@even@mp=\dimen127
\Gm@layoutwidth=\dimen128
\Gm@layoutheight=\dimen129
\Gm@layouthoffset=\dimen130
\Gm@layoutvoffset=\dimen131
\Gm@dimlist=\toks29

("C:\Program Files\MiKTeX 2.9\tex\latex\geometry\geometry.cfg"))
("C:\Users\Akshat Mahajan\LaTeX Projects\180Q Reports\Week 6\Paper\Lab6.aux")
LaTeX Font Info:    Checking defaults for OML/cmm/m/it on input line 15.
LaTeX Font Info:    ... okay on input line 15.
LaTeX Font Info:    Checking defaults for T1/cmr/m/n on input line 15.
LaTeX Font Info:    ... okay on input line 15.
LaTeX Font Info:    Checking defaults for OT1/cmr/m/n on input line 15.
LaTeX Font Info:    ... okay on input line 15.
LaTeX Font Info:    Checking defaults for OMS/cmsy/m/n on input line 15.
LaTeX Font Info:    ... okay on input line 15.
LaTeX Font Info:    Checking defaults for OMX/cmex/m/n on input line 15.
LaTeX Font Info:    ... okay on input line 15.
LaTeX Font Info:    Checking defaults for U/cmr/m/n on input line 15.
LaTeX Font Info:    ... okay on input line 15.

("C:\Program Files\MiKTeX 2.9\tex\context\base\supp-pdf.mkii"
[Loading MPS to PDF converter (version 2006.09.02).]
\scratchcounter=\count107
\scratchdimen=\dimen132
\scratchbox=\box30
\nofMPsegments=\count108
\nofMParguments=\count109
\everyMPshowfont=\toks30
\MPscratchCnt=\count110
\MPscratchDim=\dimen133
\MPnumerator=\count111
\makeMPintoPDFobject=\count112
\everyMPtoPDFconversion=\toks31
)
Package caption Info: Begin \AtBeginDocument code.
Package caption Info: End \AtBeginDocument code.

*geometry* driver: auto-detecting
*geometry* detected driver: pdftex
*geometry* verbose mode - [ preamble ] result:
* driver: pdftex
* paper: a4paper
* layout: <same size as paper>
* layoutoffset:(h,v)=(0.0pt,0.0pt)
* modes: 
* h-part:(L,W,R)=(56.9055pt, 483.69687pt, 56.9055pt)
* v-part:(T,H,B)=(56.9055pt, 731.23584pt, 56.9055pt)
* \paperwidth=597.50787pt
* \paperheight=845.04684pt
* \textwidth=483.69687pt
* \textheight=731.23584pt
* \oddsidemargin=-15.36449pt
* \evensidemargin=-15.36449pt
* \topmargin=-52.36449pt
* \headheight=12.0pt
* \headsep=25.0pt
* \topskip=10.0pt
* \footskip=30.0pt
* \marginparwidth=57.0pt
* \marginparsep=11.0pt
* \columnsep=10.0pt
* \skip\footins=9.0pt plus 4.0pt minus 2.0pt
* \hoffset=0.0pt
* \voffset=0.0pt
* \mag=1000
* \@twocolumnfalse
* \@twosidefalse
* \@mparswitchfalse
* \@reversemarginfalse
* (1in=72.27pt=25.4mm, 1cm=28.453pt)

LaTeX Font Info:    Try loading font information for U+msa on input line 16.
("C:\Program Files\MiKTeX 2.9\tex\latex\amsfonts\umsa.fd"
File: umsa.fd 2013/01/14 v3.01 AMS symbols A
)
LaTeX Font Info:    Try loading font information for U+msb on input line 16.

("C:\Program Files\MiKTeX 2.9\tex\latex\amsfonts\umsb.fd"
File: umsb.fd 2013/01/14 v3.01 AMS symbols B
)
Underfull \hbox (badness 10000) in paragraph at lines 19--22

 []


Underfull \hbox (badness 10000) in paragraph at lines 22--26

 []

LaTeX Font Info:    Try loading font information for OMS+cmr on input line 27.
("C:\Program Files\MiKTeX 2.9\tex\latex\base\omscmr.fd"
File: omscmr.fd 1999/05/25 v2.5h Standard LaTeX font definitions
)
LaTeX Font Info:    Font shape `OMS/cmr/m/n' in size <10> not available
(Font)              Font shape `OMS/cmsy/m/n' tried instead on input line 27.

<../Analysis/F0003TEK.JPG, id=1, 642.4pt x 481.8pt>
File: ../Analysis/F0003TEK.JPG Graphic file (type jpg)

<use ../Analysis/F0003TEK.JPG>
Package pdftex.def Info: ../Analysis/F0003TEK.JPG used on input line 34.
(pdftex.def)             Requested size: 192.72148pt x 144.5411pt.

<../Analysis/ThresholdCurrentDetF0000.png, id=2, 1028.34187pt x 490.83376pt>
File: ../Analysis/ThresholdCurrentDetF0000.png Graphic file (type png)

<use ../Analysis/ThresholdCurrentDetF0000.png>
Package pdftex.def Info: ../Analysis/ThresholdCurrentDetF0000.png used on input
 line 39.
(pdftex.def)             Requested size: 514.16968pt x 245.41628pt.

Overfull \hbox (30.47281pt too wide) in paragraph at lines 39--40
 [][] 
 []

[1

{C:/Users/Akshat Mahajan/AppData/Local/MiKTeX/2.9/pdftex/config/pdftex.map} <C:
/Users/Akshat Mahajan/LaTeX Projects/180Q Reports/Week 6/Analysis/F0003TEK.JPG>
] <../Analysis/BelThresh1.png, id=19, 578.16pt x 433.62pt>
File: ../Analysis/BelThresh1.png Graphic file (type png)

<use ../Analysis/BelThresh1.png>
Package pdftex.def Info: ../Analysis/BelThresh1.png used on input line 69.
(pdftex.def)             Requested size: 231.2599pt x 173.44492pt.

Underfull \hbox (badness 10000) in paragraph at lines 62--71

 []


Underfull \hbox (badness 10000) in paragraph at lines 62--71

 []

[2 <C:/Users/Akshat Mahajan/LaTeX Projects/180Q Reports/Week 6/Analysis/Thresho
ldCurrentDetF0000.png (PNG copy)>]
<../Analysis/BelThresh2.png, id=25, 578.16pt x 433.62pt>
File: ../Analysis/BelThresh2.png Graphic file (type png)

<use ../Analysis/BelThresh2.png>
Package pdftex.def Info: ../Analysis/BelThresh2.png used on input line 74.
(pdftex.def)             Requested size: 231.2599pt x 173.44492pt.

<../Analysis/AboThresh.png, id=26, 578.16pt x 433.62pt>
File: ../Analysis/AboThresh.png Graphic file (type png)

<use ../Analysis/AboThresh.png>
Package pdftex.def Info: ../Analysis/AboThresh.png used on input line 79.
(pdftex.def)             Requested size: 231.2599pt x 173.44492pt.

Underfull \hbox (badness 10000) in paragraph at lines 94--94
[]\OT1/cmr/m/n/10 654.5 \OT1/cmr/bx/n/10 and
 []


Underfull \hbox (badness 10000) in paragraph at lines 94--94
[]\OT1/cmr/m/n/10 654.5 \OT1/cmr/bx/n/10 and
 []


Underfull \hbox (badness 10000) in paragraph at lines 96--96
[]\OT1/cmr/m/n/10 Second-order
 []


Underfull \hbox (badness 10000) in paragraph at lines 96--96
[]\OT1/cmr/m/n/10 653.8 \OT1/cmr/bx/n/10 and
 []


Underfull \hbox (badness 10000) in paragraph at lines 96--96
[]\OT1/cmr/m/n/10 653.9 \OT1/cmr/bx/n/10 and
 []

[3 <C:/Users/Akshat Mahajan/LaTeX Projects/180Q Reports/Week 6/Analysis/BelThre
sh1.png (PNG copy)> <C:/Users/Akshat Mahajan/LaTeX Projects/180Q Reports/Week 6
/Analysis/BelThresh2.png (PNG copy)> <C:/Users/Akshat Mahajan/LaTeX Projects/18
0Q Reports/Week 6/Analysis/AboThresh.png (PNG copy)>]
Underfull \hbox (badness 10000) in paragraph at lines 104--108

 []

<../Analysis/15mAT10p643.png, id=30, 578.16pt x 433.62pt>
File: ../Analysis/15mAT10p643.png Graphic file (type png)

<use ../Analysis/15mAT10p643.png>
Package pdftex.def Info: ../Analysis/15mAT10p643.png used on input line 112.
(pdftex.def)             Requested size: 289.07928pt x 216.80946pt.

<../Analysis/16p04mAT10p643.png, id=31, 578.16pt x 433.62pt>
File: ../Analysis/16p04mAT10p643.png Graphic file (type png)

<use ../Analysis/16p04mAT10p643.png>
Package pdftex.def Info: ../Analysis/16p04mAT10p643.png used on input line 116.

(pdftex.def)             Requested size: 289.07928pt x 216.80946pt.

<../Analysis/17mAT9p214.png, id=32, 578.16pt x 433.62pt>
File: ../Analysis/17mAT9p214.png Graphic file (type png)

<use ../Analysis/17mAT9p214.png>
Package pdftex.def Info: ../Analysis/17mAT9p214.png used on input line 120.
(pdftex.def)             Requested size: 289.07928pt x 216.80946pt.
 [4 <C:/Users/Akshat Mahajan/LaTeX Projects/180Q Reports/Week 6/Analysis/15mAT1
0p643.png (PNG copy)>]
<../Analysis/18mAT9p214.png, id=37, 578.16pt x 433.62pt>
File: ../Analysis/18mAT9p214.png Graphic file (type png)

<use ../Analysis/18mAT9p214.png>
Package pdftex.def Info: ../Analysis/18mAT9p214.png used on input line 124.
(pdftex.def)             Requested size: 289.07928pt x 216.80946pt.

<../Analysis/18mAT10p643.png, id=38, 578.16pt x 433.62pt>
File: ../Analysis/18mAT10p643.png Graphic file (type png)

<use ../Analysis/18mAT10p643.png>
Package pdftex.def Info: ../Analysis/18mAT10p643.png used on input line 128.
(pdftex.def)             Requested size: 289.07928pt x 216.80946pt.
 [5 <C:/Users/Akshat Mahajan/LaTeX Projects/180Q Reports/Week 6/Analysis/16p04m
AT10p643.png (PNG copy)> <C:/Users/Akshat Mahajan/LaTeX Projects/180Q Reports/W
eek 6/Analysis/17mAT9p214.png (PNG copy)> <C:/Users/Akshat Mahajan/LaTeX Projec
ts/180Q Reports/Week 6/Analysis/18mAT9p214.png (PNG copy)>]
<../Analysis/wavelength-current.png, id=42, 421.575pt x 316.18124pt>
File: ../Analysis/wavelength-current.png Graphic file (type png)

<use ../Analysis/wavelength-current.png>
Package pdftex.def Info: ../Analysis/wavelength-current.png used on input line 
165.
(pdftex.def)             Requested size: 337.26045pt x 252.94533pt.

<../Analysis/wavelength-temperature.png, id=43, 421.575pt x 316.18124pt>
File: ../Analysis/wavelength-temperature.png Graphic file (type png)

<use ../Analysis/wavelength-temperature.png>
Package pdftex.def Info: ../Analysis/wavelength-temperature.png used on input l
ine 170.
(pdftex.def)             Requested size: 337.26045pt x 252.94533pt.
 [6 <C:/Users/Akshat Mahajan/LaTeX Projects/180Q Reports/Week 6/Analysis/18mAT1
0p643.png (PNG copy)> <C:/Users/Akshat Mahajan/LaTeX Projects/180Q Reports/Week
 6/Analysis/wavelength-current.png (PNG copy)>]
Underfull \hbox (badness 10000) in paragraph at lines 175--182

 []


Underfull \hbox (badness 10000) in paragraph at lines 175--182

 []


Underfull \hbox (badness 10000) in paragraph at lines 175--182

 []

<../Analysis/diff_wave_currents.png, id=47, 421.575pt x 316.18124pt>
File: ../Analysis/diff_wave_currents.png Graphic file (type png)

<use ../Analysis/diff_wave_currents.png>
Package pdftex.def Info: ../Analysis/diff_wave_currents.png used on input line 
190.
(pdftex.def)             Requested size: 295.10048pt x 221.32535pt.

Underfull \hbox (badness 10000) in paragraph at lines 185--192

 []

<../Analysis/diff_wave_temperatures.png, id=48, 421.575pt x 316.18124pt>
File: ../Analysis/diff_wave_temperatures.png Graphic file (type png)

<use ../Analysis/diff_wave_temperatures.png>
Package pdftex.def Info: ../Analysis/diff_wave_temperatures.png used on input l
ine 195.
(pdftex.def)             Requested size: 295.10048pt x 221.32535pt.
 [7 <C:/Users/Akshat Mahajan/LaTeX Projects/180Q Reports/Week 6/Analysis/wavele
ngth-temperature.png (PNG copy)>]
Underfull \hbox (badness 10000) in paragraph at lines 198--201

 []

[8 <C:/Users/Akshat Mahajan/LaTeX Projects/180Q Reports/Week 6/Analysis/diff_wa
ve_currents.png (PNG copy)> <C:/Users/Akshat Mahajan/LaTeX Projects/180Q Report
s/Week 6/Analysis/diff_wave_temperatures.png (PNG copy)>]
("C:\Users\Akshat Mahajan\LaTeX Projects\180Q Reports\Week 6\Paper\Lab6.aux") )
 
Here is how much of TeX's memory you used:
 3990 strings out of 493921
 58467 string characters out of 3147255
 118347 words of memory out of 3000000
 7221 multiletter control sequences out of 15000+200000
 13486 words of font info for 51 fonts, out of 3000000 for 9000
 841 hyphenation exceptions out of 8191
 36i,10n,38p,895b,291s stack positions out of 5000i,500n,10000p,200000b,50000s
<C:/Program Files/MiKTeX 2.9/fonts/type1/public/amsfonts/cm/cmbx10.pfb><C:/Prog
ram Files/MiKTeX 2.9/fonts/type1/public/amsfonts/cm/cmbx12.pfb><C:/Program File
s/MiKTeX 2.9/fonts/type1/public/amsfonts/cm/cmex10.pfb><C:/Program Files/MiKTeX
 2.9/fonts/type1/public/amsfonts/cm/cmmi10.pfb><C:/Program Files/MiKTeX 2.9/fon
ts/type1/public/amsfonts/cm/cmr10.pfb><C:/Program Files/MiKTeX 2.9/fonts/type1/
public/amsfonts/cm/cmr12.pfb><C:/Program Files/MiKTeX 2.9/fonts/type1/public/am
sfonts/cm/cmr17.pfb><C:/Program Files/MiKTeX 2.9/fonts/type1/public/amsfonts/cm
/cmr6.pfb><C:/Program Files/MiKTeX 2.9/fonts/type1/public/amsfonts/cm/cmr7.pfb>
<C:/Program Files/MiKTeX 2.9/fonts/type1/public/amsfonts/cm/cmr8.pfb><C:/Progra
m Files/MiKTeX 2.9/fonts/type1/public/amsfonts/cm/cmsl10.pfb><C:/Program Files/
MiKTeX 2.9/fonts/type1/public/amsfonts/cm/cmsl8.pfb><C:/Program Files/MiKTeX 2.
9/fonts/type1/public/amsfonts/cm/cmsy10.pfb><C:/Program Files/MiKTeX 2.9/fonts/
type1/public/amsfonts/cm/cmsy7.pfb><C:/Program Files/MiKTeX 2.9/fonts/type1/pub
lic/amsfonts/cm/cmti10.pfb>
Output written on Lab6.pdf (8 pages, 423142 bytes).
PDF statistics:
 103 PDF objects out of 1000 (max. 8388607)
 0 named destinations out of 1000 (max. 500000)
 71 words of extra memory for PDF output out of 10000 (max. 10000000)

